Using pre-set license
Built from '2020.2/release' branch; Version is '2020.2.1f1 (270dd8c3da1c) revision 2559448'; Using compiler version '192528614'; Build Type 'Release'
OS: 'Windows 10  (10.0.0) 64bit' Language: 'es' Physical Memory: 32601 MB
BatchMode: 1, IsHumanControllingUs: 0, StartBugReporterOnCrash: 0, Is64bit: 1, IsPro: 0

 COMMAND LINE ARGUMENTS:
C:\Program Files\Unity\Editor\2020.2.1f1\Editor\Unity.exe
-adb2
-batchMode
-noUpm
-name
AssetImportWorker0
-projectPath
C:/Users/JAVIPERNAS/Desktop/VirtualWorkshop
-logFile
Logs/AssetImportWorker0.log
-srvPort
51853
Successfully changed project path to: C:/Users/JAVIPERNAS/Desktop/VirtualWorkshop
C:/Users/JAVIPERNAS/Desktop/VirtualWorkshop
Using Asset Import Pipeline V2.
Refreshing native plugins compatible for Editor in 51.83 ms, found 6 plugins.
Preloading 1 native plugins for Editor in 0.73 ms.
Initialize engine version: 2020.2.1f1 (270dd8c3da1c)
[Subsystems] Discovering subsystems at path C:/Program Files/Unity/Editor/2020.2.1f1/Editor/Data/Resources/UnitySubsystems
[Subsystems] Discovering subsystems at path C:/Users/JAVIPERNAS/Desktop/VirtualWorkshop/Assets
GfxDevice: creating device client; threaded=0
Direct3D:
    Version:  Direct3D 11.0 [level 11.1]
    Renderer: NVIDIA GeForce GTX 1650 with Max-Q Design (ID=0x1f91)
    Vendor:   
    VRAM:     3964 MB
    Driver:   26.21.14.3184
Initialize mono
Mono path[0] = 'C:/Program Files/Unity/Editor/2020.2.1f1/Editor/Data/Managed'
Mono path[1] = 'C:/Program Files/Unity/Editor/2020.2.1f1/Editor/Data/MonoBleedingEdge/lib/mono/unityjit'
Mono config path = 'C:/Program Files/Unity/Editor/2020.2.1f1/Editor/Data/MonoBleedingEdge/etc'
Using monoOptions --debugger-agent=transport=dt_socket,embedding=1,server=y,suspend=n,address=127.0.0.1:56964
Begin MonoManager ReloadAssembly
Registering precompiled unity dll's ...
Register platform support module: C:/Program Files/Unity/Editor/2020.2.1f1/Editor/Data/PlaybackEngines/WebGLSupport/UnityEditor.WebGL.Extensions.dll
Register platform support module: C:/Program Files/Unity/Editor/2020.2.1f1/Editor/Data/PlaybackEngines/WindowsStandaloneSupport/UnityEditor.WindowsStandalone.Extensions.dll
Registered in 0.001845 seconds.
Native extension for WindowsStandalone target not found
Native extension for WebGL target not found
Refreshing native plugins compatible for Editor in 45.54 ms, found 6 plugins.
Preloading 1 native plugins for Editor in 0.06 ms.
Invoked RoslynAnalysisRunner static constructor.
RoslynAnalysisRunner will not be running.
RoslynAnalysisRunner has terminated.
Mono: successfully reloaded assembly
- Completed reload, in  2.168 seconds
Platform modules already initialized, skipping
Registering precompiled user dll's ...
Registered in 0.005286 seconds.
Begin MonoManager ReloadAssembly
Native extension for WindowsStandalone target not found
Native extension for WebGL target not found
Refreshing native plugins compatible for Editor in 0.64 ms, found 6 plugins.
Preloading 1 native plugins for Editor in 0.07 ms.
Invoked RoslynAnalysisRunner static constructor.
RoslynAnalysisRunner will not be running.
RoslynAnalysisRunner has terminated.
Mono: successfully reloaded assembly
- Completed reload, in  0.858 seconds
Platform modules already initialized, skipping
========================================================================
Worker process is ready to serve import requests
Launched and connected shader compiler UnityShaderCompiler.exe after 0.02 seconds
Refreshing native plugins compatible for Editor in 0.61 ms, found 6 plugins.
Preloading 1 native plugins for Editor in 0.06 ms.
Unloading 1768 Unused Serialized files (Serialized files now loaded: 0)
System memory in use before: 90.4 MB.
System memory in use after: 90.4 MB.

Unloading 64 unused Assets to reduce memory usage. Loaded Objects now: 2185.
Total: 2.073800 ms (FindLiveObjects: 0.281100 ms CreateObjectMapping: 0.102800 ms MarkObjects: 1.609800 ms  DeleteObjects: 0.079100 ms)

========================================================================
Received Import Request.
  path: Assets/Textures pack
  artifactKey: Guid(7487f9f8bbb988b408fa01ad50871004) Importer(815301076,1909f56bfc062723c751e8b465ee728b)
Start importing Assets/Textures pack using Guid(7487f9f8bbb988b408fa01ad50871004) Importer(815301076,1909f56bfc062723c751e8b465ee728b)  -> (artifact id: '3c7beb79a3f62179205dbe9933819e42') in 0.009512 seconds
  Import took 0.012069 seconds .

========================================================================
Received Import Request.
  Time since last request: 0.000298 seconds.
  path: Assets/Scenes
  artifactKey: Guid(998de8402686d3342b9e3d2696b383c0) Importer(815301076,1909f56bfc062723c751e8b465ee728b)
Start importing Assets/Scenes using Guid(998de8402686d3342b9e3d2696b383c0) Importer(815301076,1909f56bfc062723c751e8b465ee728b)  -> (artifact id: '46c7ed59984525d30753882f74f47c34') in 0.008547 seconds
  Import took 0.011295 seconds .

AssetImportWorkerClient::OnTransportError - code=2 error=End of file
